#
# There is insufficient memory for the Java Runtime Environment to continue.
# Native memory allocation (mmap) failed to map 4194304 bytes for Failed to commit area from 0x0000021132e70000 to 0x0000021133270000 of length 4194304.
# Possible reasons:
#   The system is out of physical RAM or swap space
#   The process is running with CompressedOops enabled, and the Java Heap may be blocking the growth of the native heap
# Possible solutions:
#   Reduce memory load on the system
#   Increase physical memory or swap space
#   Check if swap backing store is full
#   Decrease Java heap size (-Xmx/-Xms)
#   Decrease number of Java threads
#   Decrease Java thread stack sizes (-Xss)
#   Set larger code cache with -XX:ReservedCodeCacheSize=
# This output file may be truncated or incomplete.
#
#  Out of Memory Error (t:/workspace/open/src/hotspot/os/windows/os_windows.cpp:3254), pid=25576, tid=25256
#
# JRE version:  (12.0.1+12) (build )
# Java VM: Java HotSpot(TM) 64-Bit Server VM (12.0.1+12, mixed mode, aot, sharing, tiered, compressed oops, g1 gc, windows-amd64)
# No core dump will be written. Minidumps are not enabled by default on client versions of Windows
#

---------------  S U M M A R Y ------------

Command Line: -Dfile.encoding=UTF-8 pokemonhotel.PokemonHotel

Host: Intel(R) Core(TM) i7-8750H CPU @ 2.20GHz, 12 cores, 15G,  Windows 10 , 64 bit Build 17763 (10.0.17763.475)
Time: Fri May 10 18:12:45 2019 GMT Daylight Time elapsed time: 0 seconds (0d 0h 0m 0s)

---------------  T H R E A D  ---------------

Current thread (0x0000021119d18800):  JavaThread "Unknown thread" [_thread_in_vm, id=25256, stack(0x0000007ef5000000,0x0000007ef5100000)]

Stack: [0x0000007ef5000000,0x0000007ef5100000]
Native frames: (J=compiled Java code, j=interpreted, Vv=VM code, C=native code)
V  [jvm.dll+0x63948a]
V  [jvm.dll+0x78b31f]
V  [jvm.dll+0x78c9c1]
V  [jvm.dll+0x78d013]
V  [jvm.dll+0x262138]
V  [jvm.dll+0x63698a]
V  [jvm.dll+0x62b505]
V  [jvm.dll+0x31d9bc]
V  [jvm.dll+0x31d7ef]
V  [jvm.dll+0x323526]
V  [jvm.dll+0x370f89]
V  [jvm.dll+0x370750]
V  [jvm.dll+0x2f786a]
V  [jvm.dll+0x2f8af2]
V  [jvm.dll+0x7657b7]
V  [jvm.dll+0x766e95]
V  [jvm.dll+0x37f089]
V  [jvm.dll+0x749b14]
V  [jvm.dll+0x3ee48d]
V  [jvm.dll+0x3f03c1]
C  [jli.dll+0x51cf]
C  [ucrtbase.dll+0x21ffa]
C  [KERNEL32.DLL+0x17974]
C  [ntdll.dll+0x6a271]


---------------  P R O C E S S  ---------------

Threads class SMR info:
_java_thread_list=0x00007ff97e1f48e8, length=0, elements={
}

Java Threads: ( => current thread )

Other Threads:
  0x0000021119d7b800 GCTaskThread "GC Thread#0" [stack: 0x0000007ef5100000,0x0000007ef5200000] [id=25788]
  0x0000021119d95000 ConcurrentGCThread "G1 Main Marker" [stack: 0x0000007ef5200000,0x0000007ef5300000] [id=26600]
  0x0000021119d97800 ConcurrentGCThread "G1 Conc#0" [stack: 0x0000007ef5300000,0x0000007ef5400000] [id=25536]

[error occurred during error reporting (printing all threads), id 0xc0000005, EXCEPTION_ACCESS_VIOLATION (0xc0000005) at pc=0x00007ff97da27a37]

VM state:not at safepoint (not fully initialized)

VM Mutex/Monitor currently owned by a thread:  ([mutex/lock_event])
[0x0000021119d15390] Heap_lock - owner thread: 0x0000021119d18800

Heap address: 0x0000000701400000, size: 4076 MB, Compressed Oops mode: Non-zero based: 0x0000000701400000
Narrow klass base: 0x0000000000000000, Narrow klass shift: 0

GC Heap History (0 events):
No events

Deoptimization events (0 events):
No events

Classes redefined (0 events):
No events

Internal exceptions (0 events):
No events

Events (0 events):
No events


Dynamic libraries:
0x00007ff7c1680000 - 0x00007ff7c168f000 	C:\Program Files\Java\jdk-12.0.1\bin\java.exe
0x00007ff9b7750000 - 0x00007ff9b793d000 	C:\Windows\SYSTEM32\ntdll.dll
0x00007ff9b4ec0000 - 0x00007ff9b4f73000 	C:\Windows\System32\KERNEL32.DLL
0x00007ff9b4010000 - 0x00007ff9b42a3000 	C:\Windows\System32\KERNELBASE.dll
0x00007ff9b4880000 - 0x00007ff9b497a000 	C:\Windows\System32\ucrtbase.dll
0x00007ff993250000 - 0x00007ff993268000 	C:\Program Files\Java\jdk-12.0.1\bin\jli.dll
0x00007ff9ace70000 - 0x00007ff9ace86000 	C:\Program Files\Java\jdk-12.0.1\bin\VCRUNTIME140.dll
0x00007ff9b4c70000 - 0x00007ff9b4d13000 	C:\Windows\System32\ADVAPI32.dll
0x00007ff9b4e20000 - 0x00007ff9b4ebe000 	C:\Windows\System32\msvcrt.dll
0x00007ff9b5dd0000 - 0x00007ff9b5e6e000 	C:\Windows\System32\sechost.dll
0x00007ff9b4a50000 - 0x00007ff9b4b72000 	C:\Windows\System32\RPCRT4.dll
0x00007ff9b7360000 - 0x00007ff9b74f7000 	C:\Windows\System32\USER32.dll
0x00007ff9b38a0000 - 0x00007ff9b38c0000 	C:\Windows\System32\win32u.dll
0x00007ff9b4be0000 - 0x00007ff9b4c09000 	C:\Windows\System32\GDI32.dll
0x00007ff9a4d30000 - 0x00007ff9a4fa9000 	C:\Windows\WinSxS\amd64_microsoft.windows.common-controls_6595b64144ccf1df_6.0.17763.475_none_05b43ca607202c6c\COMCTL32.dll
0x00007ff9b42b0000 - 0x00007ff9b444a000 	C:\Windows\System32\gdi32full.dll
0x00007ff9b4780000 - 0x00007ff9b4820000 	C:\Windows\System32\msvcp_win.dll
0x00007ff9b4fe0000 - 0x00007ff9b530c000 	C:\Windows\System32\combase.dll
0x00007ff9b4520000 - 0x00007ff9b459e000 	C:\Windows\System32\bcryptPrimitives.dll
0x00007ff9ad5a0000 - 0x00007ff9ad5aa000 	C:\Windows\SYSTEM32\VERSION.dll
0x00007ff9b4d20000 - 0x00007ff9b4d4e000 	C:\Windows\System32\IMM32.DLL
0x00007ff995b80000 - 0x00007ff995c2a000 	C:\Program Files\Java\jdk-12.0.1\bin\msvcp140.dll
0x00007ff97d720000 - 0x00007ff97e294000 	C:\Program Files\Java\jdk-12.0.1\bin\server\jvm.dll
0x00007ff9b7500000 - 0x00007ff9b7508000 	C:\Windows\System32\PSAPI.DLL
0x00007ff9b15f0000 - 0x00007ff9b15f9000 	C:\Windows\SYSTEM32\WSOCK32.dll
0x00007ff9b1570000 - 0x00007ff9b1594000 	C:\Windows\SYSTEM32\WINMM.dll
0x00007ff9b5310000 - 0x00007ff9b537d000 	C:\Windows\System32\WS2_32.dll
0x00007ff9b1450000 - 0x00007ff9b147d000 	C:\Windows\SYSTEM32\WINMMBASE.dll
0x00007ff9b3850000 - 0x00007ff9b389a000 	C:\Windows\System32\cfgmgr32.dll
0x00007ff9b3800000 - 0x00007ff9b3811000 	C:\Windows\System32\kernel.appcore.dll
0x00007ff9a0330000 - 0x00007ff9a0341000 	C:\Program Files\Java\jdk-12.0.1\bin\verify.dll
0x00007ff9b2150000 - 0x00007ff9b233d000 	C:\Windows\SYSTEM32\DBGHELP.DLL
0x00007ff9a09a0000 - 0x00007ff9a09ca000 	C:\Windows\SYSTEM32\dbgcore.DLL
0x00007ff997740000 - 0x00007ff997766000 	C:\Program Files\Java\jdk-12.0.1\bin\java.dll
0x00007ff99b5e0000 - 0x00007ff99b5f7000 	C:\Program Files\Java\jdk-12.0.1\bin\zip.dll
0x00007ff9afef0000 - 0x00007ff9afefa000 	C:\Program Files\Java\jdk-12.0.1\bin\jimage.dll

dbghelp: loaded successfully - version: 4.0.5 - missing functions: none
symbol engine: initialized successfully - sym options: 0x614 - pdb path: .;C:\Program Files\Java\jdk-12.0.1\bin;C:\Windows\SYSTEM32;C:\Windows\WinSxS\amd64_microsoft.windows.common-controls_6595b64144ccf1df_6.0.17763.475_none_05b43ca607202c6c;C:\Program Files\Java\jdk-12.0.1\bin\server

VM Arguments:
jvm_args: -Dfile.encoding=UTF-8 
java_command: pokemonhotel.PokemonHotel
java_class_path (initial): C:\Users\grego\OneDrive\Documents\NetBeansProjects\PokemonHotel-masterDanielNewUpdate\build\classes
Launcher Type: SUN_STANDARD

[Global flags]
     intx CICompilerCount                          = 4                                         {product} {ergonomic}
     uint ConcGCThreads                            = 3                                         {product} {ergonomic}
     uint G1ConcRefinementThreads                  = 10                                        {product} {ergonomic}
   size_t G1HeapRegionSize                         = 1048576                                   {product} {ergonomic}
    uintx GCDrainStackTargetSize                   = 64                                        {product} {ergonomic}
   size_t InitialHeapSize                          = 268435456                                 {product} {ergonomic}
   size_t MarkStackSize                            = 4194304                                   {product} {ergonomic}
   size_t MaxHeapSize                              = 4273995776                                {product} {ergonomic}
   size_t MinHeapDeltaBytes                        = 1048576                                   {product} {ergonomic}
    uintx NonNMethodCodeHeapSize                   = 5836300                                {pd product} {ergonomic}
    uintx NonProfiledCodeHeapSize                  = 122910970                              {pd product} {ergonomic}
    uintx ProfiledCodeHeapSize                     = 122910970                              {pd product} {ergonomic}
    uintx ReservedCodeCacheSize                    = 251658240                              {pd product} {ergonomic}
     bool SegmentedCodeCache                       = true                                      {product} {ergonomic}
     bool UseCompressedClassPointers               = true                                 {lp64_product} {ergonomic}
     bool UseCompressedOops                        = true                                 {lp64_product} {ergonomic}
     bool UseG1GC                                  = true                                      {product} {ergonomic}
     bool UseLargePagesIndividualAllocation        = false                                  {pd product} {ergonomic}

Logging:
Log output configuration:
 #0: stdout all=warning uptime,level,tags
 #1: stderr all=off uptime,level,tags

Environment Variables:
PATH=C:\Windows\system32;C:\Windows;C:\Windows\System32\Wbem;C:\Windows\System32\WindowsPowerShell\v1.0\;C:\Windows\System32\OpenSSH\;C:\Program Files (x86)\NVIDIA Corporation\PhysX\Common;C:\Program Files\NVIDIA Corporation\NVIDIA NGX;C:\Program Files\NVIDIA Corporation\NVIDIA NvDLISR;C:\Program Files\Java\jdk-12.0.1\bin;C:\Users\grego\AppData\Local\Microsoft\WindowsApps;
USERNAME=grego
OS=Windows_NT
PROCESSOR_IDENTIFIER=Intel64 Family 6 Model 158 Stepping 10, GenuineIntel



---------------  S Y S T E M  ---------------

OS: Windows 10 , 64 bit Build 17763 (10.0.17763.475)

CPU:total 12 (initial active 12) (6 cores per cpu, 2 threads per core) family 6 model 158 stepping 10, cmov, cx8, fxsr, mmx, sse, sse2, sse3, ssse3, sse4.1, sse4.2, popcnt, avx, avx2, aes, clmul, erms, 3dnowpref, lzcnt, ht, tsc, tscinvbit, bmi1, bmi2, adx, fma

Memory: 4k page, system-wide physical 16303M (7146M free)
TotalPageFile size 46664M (AvailPageFile size 4M)
current process WorkingSet (physical memory assigned to process): 10M, peak: 10M
current process commit charge ("private bytes"): 321M, peak: 325M

vm_info: Java HotSpot(TM) 64-Bit Server VM (12.0.1+12) for windows-amd64 JRE (12.0.1+12), built on Apr  2 2019 14:02:19 by "mach5one" with MS VC++ 15.5 (VS2017)

END.
